C51 COMPILER V9.60.0.0   MAIN                                                              05/02/2022 01:27:27 PAGE 1   


C51 COMPILER V9.60.0.0, COMPILATION OF MODULE MAIN
OBJECT MODULE PLACED IN main.OBJ
COMPILER INVOKED BY: D:\Learn\Keil C\C51\BIN\C51.EXE main.c OMF2 OPTIMIZE(8,SPEED) BROWSE DEBUG TABS(2)

line level    source

   1          #include<main.h>
   2          #include<..\lib\Delay.h>
*** WARNING C318 IN LINE 2 OF main.c: can't open file '..\lib\Delay.h'
   3          
   4          void Uart_Mode0_Write(unsigned char b)
   5          {
   6   1        SBUF = b;
   7   1      
   8   1        while(TI == 0);
   9   1        TI = 0;
  10   1      
  11   1        P3_2 = 0;
  12   1        P3_2 = 1;
  13   1      }
  14          
  15          void main()
  16          {
  17   1        unsigned char i;
  18   1      
  19   1        SM0 = SM1 = 0;    // UART mode 0
  20   1      
  21   1        while(1)
  22   1        {
  23   2          for(i=0;i<3;i++)
  24   2          {
  25   3            Uart_Mode0_Write(0x00);
  26   3            Delay_ms(500);
*** WARNING C206 IN LINE 26 OF main.c: 'Delay_ms': missing function-prototype
*** ERROR C267 IN LINE 26 OF main.c: 'Delay_ms': requires ANSI-style prototype
  27   3            Uart_Mode0_Write(0xFF);
  28   3            Delay_ms(500);
  29   3          }
  30   2          for(i=0;i<3;i++)
  31   2          {
  32   3            Uart_Mode0_Write(0x55);
  33   3            Delay_ms(500);
  34   3            Uart_Mode0_Write(0xAA);
  35   3            Delay_ms(500);
  36   3          }
  37   2        }
  38   1      }

C51 COMPILATION COMPLETE.  2 WARNING(S),  1 ERROR(S)
